0 info it worked if it ends with ok
1 verbose cli [ '/usr/bin/node',
1 verbose cli   '/usr/bin/npm',
1 verbose cli   'install',
1 verbose cli   'jmespath',
1 verbose cli   '--save' ]
2 info using npm@3.5.2
3 info using node@v6.11.4
4 silly loadCurrentTree Starting
5 silly install loadCurrentTree
6 silly install readLocalPackageData
7 silly fetchPackageMetaData jmespath
8 silly fetchNamedPackageData jmespath
9 silly mapToRegistry name jmespath
10 silly mapToRegistry using default registry
11 silly mapToRegistry registry https://registry.npmjs.org/
12 silly mapToRegistry uri https://registry.npmjs.org/jmespath
13 verbose request uri https://registry.npmjs.org/jmespath
14 verbose request no auth needed
15 info attempt registry request try #1 at 15:58:05
16 verbose request id 1d5ab5a04f4f72be
17 verbose etag "5a189841-38af"
18 verbose lastModified Fri, 24 Nov 2017 22:08:01 GMT
19 http request GET https://registry.npmjs.org/jmespath
20 http 304 https://registry.npmjs.org/jmespath
21 verbose headers { date: 'Mon, 12 Feb 2018 17:58:05 GMT',
21 verbose headers   via: '1.1 varnish',
21 verbose headers   'cache-control': 'max-age=300',
21 verbose headers   etag: '"5a189841-38af"',
21 verbose headers   age: '6865',
21 verbose headers   connection: 'keep-alive',
21 verbose headers   'x-served-by': 'cache-gru17121-GRU',
21 verbose headers   'x-cache': 'HIT',
21 verbose headers   'x-cache-hits': '6',
21 verbose headers   'x-timer': 'S1518458286.823580,VS0,VE0',
21 verbose headers   vary: 'Accept-Encoding, Accept' }
22 silly get cb [ 304,
22 silly get   { date: 'Mon, 12 Feb 2018 17:58:05 GMT',
22 silly get     via: '1.1 varnish',
22 silly get     'cache-control': 'max-age=300',
22 silly get     etag: '"5a189841-38af"',
22 silly get     age: '6865',
22 silly get     connection: 'keep-alive',
22 silly get     'x-served-by': 'cache-gru17121-GRU',
22 silly get     'x-cache': 'HIT',
22 silly get     'x-cache-hits': '6',
22 silly get     'x-timer': 'S1518458286.823580,VS0,VE0',
22 silly get     vary: 'Accept-Encoding, Accept' } ]
23 verbose etag https://registry.npmjs.org/jmespath from cache
24 verbose get saving jmespath to /home/francisquinir/.npm/registry.npmjs.org/jmespath/.cache.json
25 silly install normalizeTree
26 silly loadCurrentTree Finishing
27 silly loadIdealTree Starting
28 silly install loadIdealTree
29 silly cloneCurrentTree Starting
30 silly install cloneCurrentTreeToIdealTree
31 silly cloneCurrentTree Finishing
32 silly loadShrinkwrap Starting
33 silly install loadShrinkwrap
34 silly loadShrinkwrap Finishing
35 silly loadAllDepsIntoIdealTree Starting
36 silly install loadAllDepsIntoIdealTree
37 silly resolveWithNewModule jmespath@0.15.0 checking installable status
38 silly cache add args [ 'jmespath', null ]
39 verbose cache add spec jmespath
40 silly cache add parsed spec Result {
40 silly cache add   raw: 'jmespath',
40 silly cache add   scope: null,
40 silly cache add   name: 'jmespath',
40 silly cache add   rawSpec: '',
40 silly cache add   spec: 'latest',
40 silly cache add   type: 'tag' }
41 silly addNamed jmespath@latest
42 verbose addNamed "latest" is being treated as a dist-tag for jmespath
43 info addNameTag [ 'jmespath', 'latest' ]
44 silly mapToRegistry name jmespath
45 silly mapToRegistry using default registry
46 silly mapToRegistry registry https://registry.npmjs.org/
47 silly mapToRegistry uri https://registry.npmjs.org/jmespath
48 verbose addNameTag registry:https://registry.npmjs.org/jmespath not in flight; fetching
49 verbose get https://registry.npmjs.org/jmespath not expired, no request
50 silly addNameTag next cb for jmespath with tag latest
51 silly addNamed jmespath@0.15.0
52 verbose addNamed "0.15.0" is a plain semver version for jmespath
53 silly cache afterAdd jmespath@0.15.0
54 verbose afterAdd /home/francisquinir/.npm/jmespath/0.15.0/package/package.json not in flight; writing
55 verbose afterAdd /home/francisquinir/.npm/jmespath/0.15.0/package/package.json written
56 silly fetchNamedPackageData buffer
57 silly mapToRegistry name buffer
58 silly mapToRegistry using default registry
59 silly mapToRegistry registry https://registry.npmjs.org/
60 silly mapToRegistry uri https://registry.npmjs.org/buffer
61 silly fetchNamedPackageData events
62 silly mapToRegistry name events
63 silly mapToRegistry using default registry
64 silly mapToRegistry registry https://registry.npmjs.org/
65 silly mapToRegistry uri https://registry.npmjs.org/events
66 silly fetchNamedPackageData querystring
67 silly mapToRegistry name querystring
68 silly mapToRegistry using default registry
69 silly mapToRegistry registry https://registry.npmjs.org/
70 silly mapToRegistry uri https://registry.npmjs.org/querystring
71 silly fetchNamedPackageData url
72 silly mapToRegistry name url
73 silly mapToRegistry using default registry
74 silly mapToRegistry registry https://registry.npmjs.org/
75 silly mapToRegistry uri https://registry.npmjs.org/url
76 verbose request uri https://registry.npmjs.org/events
77 verbose request no auth needed
78 info attempt registry request try #1 at 15:58:05
79 verbose etag "5a7b0bf6-40a6"
80 verbose lastModified Wed, 7 Feb 2018 14:23:50 GMT
81 http request GET https://registry.npmjs.org/events
82 verbose request uri https://registry.npmjs.org/querystring
83 verbose request no auth needed
84 info attempt registry request try #1 at 15:58:05
85 verbose etag "5a74813d-1854"
86 verbose lastModified Fri, 2 Feb 2018 15:18:21 GMT
87 http request GET https://registry.npmjs.org/querystring
88 verbose request uri https://registry.npmjs.org/url
89 verbose request no auth needed
90 info attempt registry request try #1 at 15:58:05
91 verbose etag "5a7ab57c-3085"
92 verbose lastModified Wed, 7 Feb 2018 8:14:52 GMT
93 http request GET https://registry.npmjs.org/url
94 verbose request uri https://registry.npmjs.org/buffer
95 verbose request no auth needed
96 info attempt registry request try #1 at 15:58:05
97 verbose etag "5a168bc5-2b24a"
98 verbose lastModified Thu, 23 Nov 2017 8:50:13 GMT
99 http request GET https://registry.npmjs.org/buffer
100 http 304 https://registry.npmjs.org/events
101 verbose headers { date: 'Mon, 12 Feb 2018 17:58:05 GMT',
101 verbose headers   via: '1.1 varnish',
101 verbose headers   'cache-control': 'max-age=300',
101 verbose headers   etag: '"5a7b0bf6-40a6"',
101 verbose headers   age: '12222',
101 verbose headers   connection: 'keep-alive',
101 verbose headers   'x-served-by': 'cache-gru17121-GRU',
101 verbose headers   'x-cache': 'HIT',
101 verbose headers   'x-cache-hits': '43',
101 verbose headers   'x-timer': 'S1518458286.936389,VS0,VE0',
101 verbose headers   vary: 'Accept-Encoding, Accept' }
102 silly get cb [ 304,
102 silly get   { date: 'Mon, 12 Feb 2018 17:58:05 GMT',
102 silly get     via: '1.1 varnish',
102 silly get     'cache-control': 'max-age=300',
102 silly get     etag: '"5a7b0bf6-40a6"',
102 silly get     age: '12222',
102 silly get     connection: 'keep-alive',
102 silly get     'x-served-by': 'cache-gru17121-GRU',
102 silly get     'x-cache': 'HIT',
102 silly get     'x-cache-hits': '43',
102 silly get     'x-timer': 'S1518458286.936389,VS0,VE0',
102 silly get     vary: 'Accept-Encoding, Accept' } ]
103 verbose etag https://registry.npmjs.org/events from cache
104 verbose get saving events to /home/francisquinir/.npm/registry.npmjs.org/events/.cache.json
105 silly resolveWithNewModule events@1.1.1 checking installable status
106 silly cache add args [ 'events@^1.1.1', null ]
107 verbose cache add spec events@^1.1.1
108 silly cache add parsed spec Result {
108 silly cache add   raw: 'events@^1.1.1',
108 silly cache add   scope: null,
108 silly cache add   name: 'events',
108 silly cache add   rawSpec: '^1.1.1',
108 silly cache add   spec: '>=1.1.1 <2.0.0',
108 silly cache add   type: 'range' }
109 silly addNamed events@>=1.1.1 <2.0.0
110 verbose addNamed ">=1.1.1 <2.0.0" is a valid semver range for events
111 silly addNameRange { name: 'events', range: '>=1.1.1 <2.0.0', hasData: false }
112 silly mapToRegistry name events
113 silly mapToRegistry using default registry
114 silly mapToRegistry registry https://registry.npmjs.org/
115 silly mapToRegistry uri https://registry.npmjs.org/events
116 verbose addNameRange registry:https://registry.npmjs.org/events not in flight; fetching
117 verbose get https://registry.npmjs.org/events not expired, no request
118 silly addNameRange number 2 { name: 'events', range: '>=1.1.1 <2.0.0', hasData: true }
119 silly addNameRange versions [ 'events',
119 silly addNameRange   [ '0.1.0',
119 silly addNameRange     '0.1.1',
119 silly addNameRange     '0.2.0',
119 silly addNameRange     '0.3.0',
119 silly addNameRange     '0.4.0',
119 silly addNameRange     '0.5.0',
119 silly addNameRange     '1.0.0',
119 silly addNameRange     '1.0.1',
119 silly addNameRange     '1.0.2',
119 silly addNameRange     '1.1.0',
119 silly addNameRange     '1.1.1',
119 silly addNameRange     '2.0.0' ] ]
120 silly addNamed events@1.1.1
121 verbose addNamed "1.1.1" is a plain semver version for events
122 silly cache afterAdd events@1.1.1
123 verbose afterAdd /home/francisquinir/.npm/events/1.1.1/package/package.json not in flight; writing
124 verbose afterAdd /home/francisquinir/.npm/events/1.1.1/package/package.json written
125 http 304 https://registry.npmjs.org/buffer
126 verbose headers { date: 'Mon, 12 Feb 2018 17:58:05 GMT',
126 verbose headers   via: '1.1 varnish',
126 verbose headers   'cache-control': 'max-age=300',
126 verbose headers   etag: '"5a168bc5-2b24a"',
126 verbose headers   age: '13419',
126 verbose headers   connection: 'keep-alive',
126 verbose headers   'x-served-by': 'cache-gru17124-GRU',
126 verbose headers   'x-cache': 'HIT',
126 verbose headers   'x-cache-hits': '52',
126 verbose headers   'x-timer': 'S1518458286.970244,VS0,VE0',
126 verbose headers   vary: 'Accept-Encoding, Accept' }
127 silly get cb [ 304,
127 silly get   { date: 'Mon, 12 Feb 2018 17:58:05 GMT',
127 silly get     via: '1.1 varnish',
127 silly get     'cache-control': 'max-age=300',
127 silly get     etag: '"5a168bc5-2b24a"',
127 silly get     age: '13419',
127 silly get     connection: 'keep-alive',
127 silly get     'x-served-by': 'cache-gru17124-GRU',
127 silly get     'x-cache': 'HIT',
127 silly get     'x-cache-hits': '52',
127 silly get     'x-timer': 'S1518458286.970244,VS0,VE0',
127 silly get     vary: 'Accept-Encoding, Accept' } ]
128 verbose etag https://registry.npmjs.org/buffer from cache
129 verbose get saving buffer to /home/francisquinir/.npm/registry.npmjs.org/buffer/.cache.json
130 http 304 https://registry.npmjs.org/url
131 verbose headers { date: 'Mon, 12 Feb 2018 17:58:05 GMT',
131 verbose headers   via: '1.1 varnish',
131 verbose headers   'cache-control': 'max-age=300',
131 verbose headers   etag: '"5a7ab57c-3085"',
131 verbose headers   age: '1044',
131 verbose headers   connection: 'keep-alive',
131 verbose headers   'x-served-by': 'cache-gru17135-GRU',
131 verbose headers   'x-cache': 'HIT',
131 verbose headers   'x-cache-hits': '3',
131 verbose headers   'x-timer': 'S1518458286.970218,VS0,VE0',
131 verbose headers   vary: 'Accept-Encoding, Accept' }
132 silly get cb [ 304,
132 silly get   { date: 'Mon, 12 Feb 2018 17:58:05 GMT',
132 silly get     via: '1.1 varnish',
132 silly get     'cache-control': 'max-age=300',
132 silly get     etag: '"5a7ab57c-3085"',
132 silly get     age: '1044',
132 silly get     connection: 'keep-alive',
132 silly get     'x-served-by': 'cache-gru17135-GRU',
132 silly get     'x-cache': 'HIT',
132 silly get     'x-cache-hits': '3',
132 silly get     'x-timer': 'S1518458286.970218,VS0,VE0',
132 silly get     vary: 'Accept-Encoding, Accept' } ]
133 verbose etag https://registry.npmjs.org/url from cache
134 verbose get saving url to /home/francisquinir/.npm/registry.npmjs.org/url/.cache.json
135 http 304 https://registry.npmjs.org/querystring
136 verbose headers { date: 'Mon, 12 Feb 2018 17:58:05 GMT',
136 verbose headers   via: '1.1 varnish',
136 verbose headers   'cache-control': 'max-age=300',
136 verbose headers   etag: '"5a74813d-1854"',
136 verbose headers   age: '3518',
136 verbose headers   connection: 'keep-alive',
136 verbose headers   'x-served-by': 'cache-gru17130-GRU',
136 verbose headers   'x-cache': 'HIT',
136 verbose headers   'x-cache-hits': '14',
136 verbose headers   'x-timer': 'S1518458286.970251,VS0,VE0',
136 verbose headers   vary: 'Accept-Encoding, Accept' }
137 silly get cb [ 304,
137 silly get   { date: 'Mon, 12 Feb 2018 17:58:05 GMT',
137 silly get     via: '1.1 varnish',
137 silly get     'cache-control': 'max-age=300',
137 silly get     etag: '"5a74813d-1854"',
137 silly get     age: '3518',
137 silly get     connection: 'keep-alive',
137 silly get     'x-served-by': 'cache-gru17130-GRU',
137 silly get     'x-cache': 'HIT',
137 silly get     'x-cache-hits': '14',
137 silly get     'x-timer': 'S1518458286.970251,VS0,VE0',
137 silly get     vary: 'Accept-Encoding, Accept' } ]
138 verbose etag https://registry.npmjs.org/querystring from cache
139 verbose get saving querystring to /home/francisquinir/.npm/registry.npmjs.org/querystring/.cache.json
140 silly resolveWithNewModule querystring@0.2.0 checking installable status
141 silly cache add args [ 'querystring@0.2.0', null ]
142 verbose cache add spec querystring@0.2.0
143 silly cache add parsed spec Result {
143 silly cache add   raw: 'querystring@0.2.0',
143 silly cache add   scope: null,
143 silly cache add   name: 'querystring',
143 silly cache add   rawSpec: '0.2.0',
143 silly cache add   spec: '0.2.0',
143 silly cache add   type: 'version' }
144 silly addNamed querystring@0.2.0
145 verbose addNamed "0.2.0" is a plain semver version for querystring
146 silly mapToRegistry name querystring
147 silly mapToRegistry using default registry
148 silly mapToRegistry registry https://registry.npmjs.org/
149 silly mapToRegistry uri https://registry.npmjs.org/querystring
150 verbose addNameVersion registry:https://registry.npmjs.org/querystring not in flight; fetching
151 silly resolveWithNewModule url@0.10.3 checking installable status
152 silly cache add args [ 'url@0.10.3', null ]
153 verbose cache add spec url@0.10.3
154 silly cache add parsed spec Result {
154 silly cache add   raw: 'url@0.10.3',
154 silly cache add   scope: null,
154 silly cache add   name: 'url',
154 silly cache add   rawSpec: '0.10.3',
154 silly cache add   spec: '0.10.3',
154 silly cache add   type: 'version' }
155 silly addNamed url@0.10.3
156 verbose addNamed "0.10.3" is a plain semver version for url
157 silly mapToRegistry name url
158 silly mapToRegistry using default registry
159 silly mapToRegistry registry https://registry.npmjs.org/
160 silly mapToRegistry uri https://registry.npmjs.org/url
161 verbose addNameVersion registry:https://registry.npmjs.org/url not in flight; fetching
162 silly resolveWithNewModule buffer@4.9.1 checking installable status
163 silly cache add args [ 'buffer@4.9.1', null ]
164 verbose cache add spec buffer@4.9.1
165 silly cache add parsed spec Result {
165 silly cache add   raw: 'buffer@4.9.1',
165 silly cache add   scope: null,
165 silly cache add   name: 'buffer',
165 silly cache add   rawSpec: '4.9.1',
165 silly cache add   spec: '4.9.1',
165 silly cache add   type: 'version' }
166 silly addNamed buffer@4.9.1
167 verbose addNamed "4.9.1" is a plain semver version for buffer
168 silly mapToRegistry name buffer
169 silly mapToRegistry using default registry
170 silly mapToRegistry registry https://registry.npmjs.org/
171 silly mapToRegistry uri https://registry.npmjs.org/buffer
172 verbose addNameVersion registry:https://registry.npmjs.org/buffer not in flight; fetching
173 verbose get https://registry.npmjs.org/querystring not expired, no request
174 verbose get https://registry.npmjs.org/url not expired, no request
175 verbose get https://registry.npmjs.org/buffer not expired, no request
176 silly cache afterAdd url@0.10.3
177 verbose afterAdd /home/francisquinir/.npm/url/0.10.3/package/package.json not in flight; writing
178 silly cache afterAdd querystring@0.2.0
179 verbose afterAdd /home/francisquinir/.npm/querystring/0.2.0/package/package.json not in flight; writing
180 silly cache afterAdd buffer@4.9.1
181 verbose afterAdd /home/francisquinir/.npm/buffer/4.9.1/package/package.json not in flight; writing
182 verbose afterAdd /home/francisquinir/.npm/url/0.10.3/package/package.json written
183 verbose afterAdd /home/francisquinir/.npm/buffer/4.9.1/package/package.json written
184 verbose afterAdd /home/francisquinir/.npm/querystring/0.2.0/package/package.json written
185 silly fetchNamedPackageData base64-js
186 silly mapToRegistry name base64-js
187 silly mapToRegistry using default registry
188 silly mapToRegistry registry https://registry.npmjs.org/
189 silly mapToRegistry uri https://registry.npmjs.org/base64-js
190 silly fetchNamedPackageData ieee754
191 silly mapToRegistry name ieee754
192 silly mapToRegistry using default registry
193 silly mapToRegistry registry https://registry.npmjs.org/
194 silly mapToRegistry uri https://registry.npmjs.org/ieee754
195 silly fetchNamedPackageData isarray
196 silly mapToRegistry name isarray
197 silly mapToRegistry using default registry
198 silly mapToRegistry registry https://registry.npmjs.org/
199 silly mapToRegistry uri https://registry.npmjs.org/isarray
200 verbose request uri https://registry.npmjs.org/base64-js
201 verbose request no auth needed
202 info attempt registry request try #1 at 15:58:05
203 verbose etag "5a4c4d1b-567c"
204 verbose lastModified Wed, 3 Jan 2018 3:25:15 GMT
205 http request GET https://registry.npmjs.org/base64-js
206 verbose request uri https://registry.npmjs.org/ieee754
207 verbose request no auth needed
208 info attempt registry request try #1 at 15:58:05
209 verbose etag "589fa5ea-3bd8"
210 verbose lastModified Sun, 12 Feb 2017 0:01:46 GMT
211 http request GET https://registry.npmjs.org/ieee754
212 verbose request uri https://registry.npmjs.org/isarray
213 verbose request no auth needed
214 info attempt registry request try #1 at 15:58:05
215 verbose etag "5a7ea20c-3607"
216 verbose lastModified Sat, 10 Feb 2018 7:41:00 GMT
217 http request GET https://registry.npmjs.org/isarray
218 http 304 https://registry.npmjs.org/base64-js
219 verbose headers { date: 'Mon, 12 Feb 2018 17:58:06 GMT',
219 verbose headers   via: '1.1 varnish',
219 verbose headers   'cache-control': 'max-age=300',
219 verbose headers   etag: '"5a4c4d1b-567c"',
219 verbose headers   age: '7487',
219 verbose headers   connection: 'keep-alive',
219 verbose headers   'x-served-by': 'cache-gru17121-GRU',
219 verbose headers   'x-cache': 'HIT',
219 verbose headers   'x-cache-hits': '45',
219 verbose headers   'x-timer': 'S1518458286.025451,VS0,VE0',
219 verbose headers   vary: 'Accept-Encoding, Accept' }
220 silly get cb [ 304,
220 silly get   { date: 'Mon, 12 Feb 2018 17:58:06 GMT',
220 silly get     via: '1.1 varnish',
220 silly get     'cache-control': 'max-age=300',
220 silly get     etag: '"5a4c4d1b-567c"',
220 silly get     age: '7487',
220 silly get     connection: 'keep-alive',
220 silly get     'x-served-by': 'cache-gru17121-GRU',
220 silly get     'x-cache': 'HIT',
220 silly get     'x-cache-hits': '45',
220 silly get     'x-timer': 'S1518458286.025451,VS0,VE0',
220 silly get     vary: 'Accept-Encoding, Accept' } ]
221 verbose etag https://registry.npmjs.org/base64-js from cache
222 verbose get saving base64-js to /home/francisquinir/.npm/registry.npmjs.org/base64-js/.cache.json
223 http 304 https://registry.npmjs.org/ieee754
224 verbose headers { date: 'Mon, 12 Feb 2018 17:58:06 GMT',
224 verbose headers   via: '1.1 varnish',
224 verbose headers   'cache-control': 'max-age=300',
224 verbose headers   etag: '"589fa5ea-3bd8"',
224 verbose headers   age: '5134',
224 verbose headers   connection: 'keep-alive',
224 verbose headers   'x-served-by': 'cache-gru17124-GRU',
224 verbose headers   'x-cache': 'HIT',
224 verbose headers   'x-cache-hits': '19',
224 verbose headers   'x-timer': 'S1518458286.025630,VS0,VE0',
224 verbose headers   vary: 'Accept-Encoding, Accept' }
225 silly get cb [ 304,
225 silly get   { date: 'Mon, 12 Feb 2018 17:58:06 GMT',
225 silly get     via: '1.1 varnish',
225 silly get     'cache-control': 'max-age=300',
225 silly get     etag: '"589fa5ea-3bd8"',
225 silly get     age: '5134',
225 silly get     connection: 'keep-alive',
225 silly get     'x-served-by': 'cache-gru17124-GRU',
225 silly get     'x-cache': 'HIT',
225 silly get     'x-cache-hits': '19',
225 silly get     'x-timer': 'S1518458286.025630,VS0,VE0',
225 silly get     vary: 'Accept-Encoding, Accept' } ]
226 verbose etag https://registry.npmjs.org/ieee754 from cache
227 verbose get saving ieee754 to /home/francisquinir/.npm/registry.npmjs.org/ieee754/.cache.json
228 http 304 https://registry.npmjs.org/isarray
229 verbose headers { date: 'Mon, 12 Feb 2018 17:58:06 GMT',
229 verbose headers   via: '1.1 varnish',
229 verbose headers   'cache-control': 'max-age=300',
229 verbose headers   etag: '"5a7ea20c-3607"',
229 verbose headers   age: '7887',
229 verbose headers   connection: 'keep-alive',
229 verbose headers   'x-served-by': 'cache-gru17135-GRU',
229 verbose headers   'x-cache': 'HIT',
229 verbose headers   'x-cache-hits': '148',
229 verbose headers   'x-timer': 'S1518458286.026301,VS0,VE0',
229 verbose headers   vary: 'Accept-Encoding, Accept' }
230 silly get cb [ 304,
230 silly get   { date: 'Mon, 12 Feb 2018 17:58:06 GMT',
230 silly get     via: '1.1 varnish',
230 silly get     'cache-control': 'max-age=300',
230 silly get     etag: '"5a7ea20c-3607"',
230 silly get     age: '7887',
230 silly get     connection: 'keep-alive',
230 silly get     'x-served-by': 'cache-gru17135-GRU',
230 silly get     'x-cache': 'HIT',
230 silly get     'x-cache-hits': '148',
230 silly get     'x-timer': 'S1518458286.026301,VS0,VE0',
230 silly get     vary: 'Accept-Encoding, Accept' } ]
231 verbose etag https://registry.npmjs.org/isarray from cache
232 verbose get saving isarray to /home/francisquinir/.npm/registry.npmjs.org/isarray/.cache.json
233 silly resolveWithNewModule base64-js@1.2.1 checking installable status
234 silly cache add args [ 'base64-js@^1.0.2', null ]
235 verbose cache add spec base64-js@^1.0.2
236 silly cache add parsed spec Result {
236 silly cache add   raw: 'base64-js@^1.0.2',
236 silly cache add   scope: null,
236 silly cache add   name: 'base64-js',
236 silly cache add   rawSpec: '^1.0.2',
236 silly cache add   spec: '>=1.0.2 <2.0.0',
236 silly cache add   type: 'range' }
237 silly addNamed base64-js@>=1.0.2 <2.0.0
238 verbose addNamed ">=1.0.2 <2.0.0" is a valid semver range for base64-js
239 silly addNameRange { name: 'base64-js', range: '>=1.0.2 <2.0.0', hasData: false }
240 silly mapToRegistry name base64-js
241 silly mapToRegistry using default registry
242 silly mapToRegistry registry https://registry.npmjs.org/
243 silly mapToRegistry uri https://registry.npmjs.org/base64-js
244 verbose addNameRange registry:https://registry.npmjs.org/base64-js not in flight; fetching
245 silly resolveWithNewModule ieee754@1.1.8 checking installable status
246 silly cache add args [ 'ieee754@^1.1.4', null ]
247 verbose cache add spec ieee754@^1.1.4
248 silly cache add parsed spec Result {
248 silly cache add   raw: 'ieee754@^1.1.4',
248 silly cache add   scope: null,
248 silly cache add   name: 'ieee754',
248 silly cache add   rawSpec: '^1.1.4',
248 silly cache add   spec: '>=1.1.4 <2.0.0',
248 silly cache add   type: 'range' }
249 silly addNamed ieee754@>=1.1.4 <2.0.0
250 verbose addNamed ">=1.1.4 <2.0.0" is a valid semver range for ieee754
251 silly addNameRange { name: 'ieee754', range: '>=1.1.4 <2.0.0', hasData: false }
252 silly mapToRegistry name ieee754
253 silly mapToRegistry using default registry
254 silly mapToRegistry registry https://registry.npmjs.org/
255 silly mapToRegistry uri https://registry.npmjs.org/ieee754
256 verbose addNameRange registry:https://registry.npmjs.org/ieee754 not in flight; fetching
257 silly resolveWithNewModule isarray@1.0.0 checking installable status
258 silly cache add args [ 'isarray@^1.0.0', null ]
259 verbose cache add spec isarray@^1.0.0
260 silly cache add parsed spec Result {
260 silly cache add   raw: 'isarray@^1.0.0',
260 silly cache add   scope: null,
260 silly cache add   name: 'isarray',
260 silly cache add   rawSpec: '^1.0.0',
260 silly cache add   spec: '>=1.0.0 <2.0.0',
260 silly cache add   type: 'range' }
261 silly addNamed isarray@>=1.0.0 <2.0.0
262 verbose addNamed ">=1.0.0 <2.0.0" is a valid semver range for isarray
263 silly addNameRange { name: 'isarray', range: '>=1.0.0 <2.0.0', hasData: false }
264 silly mapToRegistry name isarray
265 silly mapToRegistry using default registry
266 silly mapToRegistry registry https://registry.npmjs.org/
267 silly mapToRegistry uri https://registry.npmjs.org/isarray
268 verbose addNameRange registry:https://registry.npmjs.org/isarray not in flight; fetching
269 verbose get https://registry.npmjs.org/base64-js not expired, no request
270 silly addNameRange number 2 { name: 'base64-js', range: '>=1.0.2 <2.0.0', hasData: true }
271 silly addNameRange versions [ 'base64-js',
271 silly addNameRange   [ '0.0.1',
271 silly addNameRange     '0.0.2',
271 silly addNameRange     '0.0.3',
271 silly addNameRange     '0.0.4',
271 silly addNameRange     '0.0.5',
271 silly addNameRange     '0.0.6',
271 silly addNameRange     '0.0.7',
271 silly addNameRange     '0.0.8',
271 silly addNameRange     '1.0.1',
271 silly addNameRange     '1.0.2',
271 silly addNameRange     '1.0.3',
271 silly addNameRange     '1.0.4',
271 silly addNameRange     '1.1.0',
271 silly addNameRange     '1.1.1',
271 silly addNameRange     '1.1.2',
271 silly addNameRange     '1.2.0',
271 silly addNameRange     '1.2.1' ] ]
272 silly addNamed base64-js@1.2.1
273 verbose addNamed "1.2.1" is a plain semver version for base64-js
274 verbose get https://registry.npmjs.org/ieee754 not expired, no request
275 silly addNameRange number 2 { name: 'ieee754', range: '>=1.1.4 <2.0.0', hasData: true }
276 silly addNameRange versions [ 'ieee754',
276 silly addNameRange   [ '1.0.0',
276 silly addNameRange     '1.1.0',
276 silly addNameRange     '1.1.1',
276 silly addNameRange     '1.1.2',
276 silly addNameRange     '1.1.3',
276 silly addNameRange     '1.1.4',
276 silly addNameRange     '1.1.5',
276 silly addNameRange     '1.1.6',
276 silly addNameRange     '1.1.7',
276 silly addNameRange     '1.1.8' ] ]
277 silly addNamed ieee754@1.1.8
278 verbose addNamed "1.1.8" is a plain semver version for ieee754
279 verbose get https://registry.npmjs.org/isarray not expired, no request
280 silly addNameRange number 2 { name: 'isarray', range: '>=1.0.0 <2.0.0', hasData: true }
281 silly addNameRange versions [ 'isarray',
281 silly addNameRange   [ '0.0.0',
281 silly addNameRange     '0.0.1',
281 silly addNameRange     '1.0.0',
281 silly addNameRange     '2.0.0',
281 silly addNameRange     '2.0.1',
281 silly addNameRange     '2.0.2',
281 silly addNameRange     '2.0.3',
281 silly addNameRange     '2.0.4' ] ]
282 silly addNamed isarray@1.0.0
283 verbose addNamed "1.0.0" is a plain semver version for isarray
284 silly cache afterAdd base64-js@1.2.1
285 verbose afterAdd /home/francisquinir/.npm/base64-js/1.2.1/package/package.json not in flight; writing
286 silly cache afterAdd isarray@1.0.0
287 verbose afterAdd /home/francisquinir/.npm/isarray/1.0.0/package/package.json not in flight; writing
288 silly cache afterAdd ieee754@1.1.8
289 verbose afterAdd /home/francisquinir/.npm/ieee754/1.1.8/package/package.json not in flight; writing
290 verbose afterAdd /home/francisquinir/.npm/base64-js/1.2.1/package/package.json written
291 verbose afterAdd /home/francisquinir/.npm/isarray/1.0.0/package/package.json written
292 verbose afterAdd /home/francisquinir/.npm/ieee754/1.1.8/package/package.json written
293 silly fetchNamedPackageData punycode
294 silly mapToRegistry name punycode
295 silly mapToRegistry using default registry
296 silly mapToRegistry registry https://registry.npmjs.org/
297 silly mapToRegistry uri https://registry.npmjs.org/punycode
298 verbose request uri https://registry.npmjs.org/punycode
299 verbose request no auth needed
300 info attempt registry request try #1 at 15:58:05
301 verbose etag "5a5f476b-9a62"
302 verbose lastModified Wed, 17 Jan 2018 12:54:03 GMT
303 http request GET https://registry.npmjs.org/punycode
304 http 304 https://registry.npmjs.org/punycode
305 verbose headers { date: 'Mon, 12 Feb 2018 17:58:06 GMT',
305 verbose headers   via: '1.1 varnish',
305 verbose headers   'cache-control': 'max-age=300',
305 verbose headers   etag: '"5a5f476b-9a62"',
305 verbose headers   age: '5738',
305 verbose headers   connection: 'keep-alive',
305 verbose headers   'x-served-by': 'cache-gru17130-GRU',
305 verbose headers   'x-cache': 'HIT',
305 verbose headers   'x-cache-hits': '43',
305 verbose headers   'x-timer': 'S1518458286.059365,VS0,VE0',
305 verbose headers   vary: 'Accept-Encoding, Accept' }
306 silly get cb [ 304,
306 silly get   { date: 'Mon, 12 Feb 2018 17:58:06 GMT',
306 silly get     via: '1.1 varnish',
306 silly get     'cache-control': 'max-age=300',
306 silly get     etag: '"5a5f476b-9a62"',
306 silly get     age: '5738',
306 silly get     connection: 'keep-alive',
306 silly get     'x-served-by': 'cache-gru17130-GRU',
306 silly get     'x-cache': 'HIT',
306 silly get     'x-cache-hits': '43',
306 silly get     'x-timer': 'S1518458286.059365,VS0,VE0',
306 silly get     vary: 'Accept-Encoding, Accept' } ]
307 verbose etag https://registry.npmjs.org/punycode from cache
308 verbose get saving punycode to /home/francisquinir/.npm/registry.npmjs.org/punycode/.cache.json
309 silly resolveWithNewModule punycode@1.3.2 checking installable status
310 silly cache add args [ 'punycode@1.3.2', null ]
311 verbose cache add spec punycode@1.3.2
312 silly cache add parsed spec Result {
312 silly cache add   raw: 'punycode@1.3.2',
312 silly cache add   scope: null,
312 silly cache add   name: 'punycode',
312 silly cache add   rawSpec: '1.3.2',
312 silly cache add   spec: '1.3.2',
312 silly cache add   type: 'version' }
313 silly addNamed punycode@1.3.2
314 verbose addNamed "1.3.2" is a plain semver version for punycode
315 silly mapToRegistry name punycode
316 silly mapToRegistry using default registry
317 silly mapToRegistry registry https://registry.npmjs.org/
318 silly mapToRegistry uri https://registry.npmjs.org/punycode
319 verbose addNameVersion registry:https://registry.npmjs.org/punycode not in flight; fetching
320 verbose get https://registry.npmjs.org/punycode not expired, no request
321 silly cache afterAdd punycode@1.3.2
322 verbose afterAdd /home/francisquinir/.npm/punycode/1.3.2/package/package.json not in flight; writing
323 verbose afterAdd /home/francisquinir/.npm/punycode/1.3.2/package/package.json written
324 silly fetchNamedPackageData lodash
325 silly mapToRegistry name lodash
326 silly mapToRegistry using default registry
327 silly mapToRegistry registry https://registry.npmjs.org/
328 silly mapToRegistry uri https://registry.npmjs.org/lodash
329 verbose request uri https://registry.npmjs.org/lodash
330 verbose request no auth needed
331 info attempt registry request try #1 at 15:58:06
332 verbose etag "5a807666-2b347"
333 verbose lastModified Sun, 11 Feb 2018 16:59:18 GMT
334 http request GET https://registry.npmjs.org/lodash
335 http 304 https://registry.npmjs.org/lodash
336 verbose headers { date: 'Mon, 12 Feb 2018 17:58:06 GMT',
336 verbose headers   via: '1.1 varnish',
336 verbose headers   'cache-control': 'max-age=300',
336 verbose headers   etag: '"5a807666-2b347"',
336 verbose headers   age: '3300',
336 verbose headers   connection: 'keep-alive',
336 verbose headers   'x-served-by': 'cache-gru17121-GRU',
336 verbose headers   'x-cache': 'HIT',
336 verbose headers   'x-cache-hits': '40',
336 verbose headers   'x-timer': 'S1518458286.083896,VS0,VE0',
336 verbose headers   vary: 'Accept-Encoding, Accept' }
337 silly get cb [ 304,
337 silly get   { date: 'Mon, 12 Feb 2018 17:58:06 GMT',
337 silly get     via: '1.1 varnish',
337 silly get     'cache-control': 'max-age=300',
337 silly get     etag: '"5a807666-2b347"',
337 silly get     age: '3300',
337 silly get     connection: 'keep-alive',
337 silly get     'x-served-by': 'cache-gru17121-GRU',
337 silly get     'x-cache': 'HIT',
337 silly get     'x-cache-hits': '40',
337 silly get     'x-timer': 'S1518458286.083896,VS0,VE0',
337 silly get     vary: 'Accept-Encoding, Accept' } ]
338 verbose etag https://registry.npmjs.org/lodash from cache
339 verbose get saving lodash to /home/francisquinir/.npm/registry.npmjs.org/lodash/.cache.json
340 silly resolveWithNewModule lodash@4.17.5 checking installable status
341 silly cache add args [ 'lodash@^4.0.0', null ]
342 verbose cache add spec lodash@^4.0.0
343 silly cache add parsed spec Result {
343 silly cache add   raw: 'lodash@^4.0.0',
343 silly cache add   scope: null,
343 silly cache add   name: 'lodash',
343 silly cache add   rawSpec: '^4.0.0',
343 silly cache add   spec: '>=4.0.0 <5.0.0',
343 silly cache add   type: 'range' }
344 silly addNamed lodash@>=4.0.0 <5.0.0
345 verbose addNamed ">=4.0.0 <5.0.0" is a valid semver range for lodash
346 silly addNameRange { name: 'lodash', range: '>=4.0.0 <5.0.0', hasData: false }
347 silly mapToRegistry name lodash
348 silly mapToRegistry using default registry
349 silly mapToRegistry registry https://registry.npmjs.org/
350 silly mapToRegistry uri https://registry.npmjs.org/lodash
351 verbose addNameRange registry:https://registry.npmjs.org/lodash not in flight; fetching
352 verbose get https://registry.npmjs.org/lodash not expired, no request
353 silly addNameRange number 2 { name: 'lodash', range: '>=4.0.0 <5.0.0', hasData: true }
354 silly addNameRange versions [ 'lodash',
354 silly addNameRange   [ '0.1.0',
354 silly addNameRange     '0.2.0',
354 silly addNameRange     '0.2.1',
354 silly addNameRange     '0.2.2',
354 silly addNameRange     '0.3.0',
354 silly addNameRange     '0.3.1',
354 silly addNameRange     '0.3.2',
354 silly addNameRange     '0.4.0',
354 silly addNameRange     '0.4.1',
354 silly addNameRange     '0.4.2',
354 silly addNameRange     '0.5.0-rc.1',
354 silly addNameRange     '0.5.0',
354 silly addNameRange     '0.5.1',
354 silly addNameRange     '0.5.2',
354 silly addNameRange     '0.6.0',
354 silly addNameRange     '0.6.1',
354 silly addNameRange     '0.7.0',
354 silly addNameRange     '0.8.0',
354 silly addNameRange     '0.8.1',
354 silly addNameRange     '0.8.2',
354 silly addNameRange     '0.9.0',
354 silly addNameRange     '0.9.1',
354 silly addNameRange     '0.9.2',
354 silly addNameRange     '0.10.0',
354 silly addNameRange     '1.0.0-rc.1',
354 silly addNameRange     '1.0.0-rc.2',
354 silly addNameRange     '1.0.0-rc.3',
354 silly addNameRange     '1.0.0',
354 silly addNameRange     '1.0.1',
354 silly addNameRange     '1.1.0',
354 silly addNameRange     '1.1.1',
354 silly addNameRange     '1.2.0',
354 silly addNameRange     '1.2.1',
354 silly addNameRange     '1.3.0',
354 silly addNameRange     '1.3.1',
354 silly addNameRange     '2.0.0',
354 silly addNameRange     '2.1.0',
354 silly addNameRange     '2.2.0',
354 silly addNameRange     '2.2.1',
354 silly addNameRange     '2.3.0',
354 silly addNameRange     '2.4.0',
354 silly addNameRange     '2.4.1',
354 silly addNameRange     '3.0.0',
354 silly addNameRange     '3.0.1',
354 silly addNameRange     '3.1.0',
354 silly addNameRange     '3.2.0',
354 silly addNameRange     '3.3.0',
354 silly addNameRange     '3.3.1',
354 silly addNameRange     '3.4.0',
354 silly addNameRange     '3.5.0',
354 silly addNameRange     '3.6.0',
354 silly addNameRange     '1.0.2',
354 silly addNameRange     '3.7.0',
354 silly addNameRange     '2.4.2',
354 silly addNameRange     '3.8.0',
354 silly addNameRange     '3.9.0',
354 silly addNameRange     '3.9.1',
354 silly addNameRange     '3.9.2',
354 silly addNameRange     '3.9.3',
354 silly addNameRange     '3.10.0',
354 silly addNameRange     '3.10.1',
354 silly addNameRange     '4.0.0',
354 silly addNameRange     '4.0.1',
354 silly addNameRange     '4.1.0',
354 silly addNameRange     '4.2.0',
354 silly addNameRange     '4.2.1',
354 silly addNameRange     '4.3.0',
354 silly addNameRange     '4.4.0',
354 silly addNameRange     '4.5.0',
354 silly addNameRange     '4.5.1',
354 silly addNameRange     '4.6.0',
354 silly addNameRange     '4.6.1',
354 silly addNameRange     '4.7.0',
354 silly addNameRange     '4.8.0',
354 silly addNameRange     '4.8.1',
354 silly addNameRange     '4.8.2',
354 silly addNameRange     '4.9.0',
354 silly addNameRange     '4.10.0',
354 silly addNameRange     '4.11.0',
354 silly addNameRange     '4.11.1',
354 silly addNameRange     '4.11.2',
354 silly addNameRange     '4.12.0',
354 silly addNameRange     '4.13.0',
354 silly addNameRange     '4.13.1',
354 silly addNameRange     '4.14.0',
354 silly addNameRange     '4.14.1',
354 silly addNameRange     '4.14.2',
354 silly addNameRange     '4.15.0',
354 silly addNameRange     '4.16.0',
354 silly addNameRange     '4.16.1',
354 silly addNameRange     '4.16.2',
354 silly addNameRange     '4.16.3',
354 silly addNameRange     '4.16.4',
354 silly addNameRange     '4.16.5',
354 silly addNameRange     '4.16.6',
354 silly addNameRange     '4.17.0',
354 silly addNameRange     '4.17.1',
354 silly addNameRange     '4.17.2',
354 silly addNameRange     '4.17.3',
354 silly addNameRange     '4.17.4',
354 silly addNameRange     ... 1 more item ] ]
355 silly addNamed lodash@4.17.5
356 verbose addNamed "4.17.5" is a plain semver version for lodash
357 silly mapToRegistry name lodash
358 silly mapToRegistry using default registry
359 silly mapToRegistry registry https://registry.npmjs.org/
360 silly mapToRegistry uri https://registry.npmjs.org/lodash
361 verbose addRemoteTarball https://registry.npmjs.org/lodash/-/lodash-4.17.5.tgz not in flight; adding
362 verbose addRemoteTarball [ 'https://registry.npmjs.org/lodash/-/lodash-4.17.5.tgz',
362 verbose addRemoteTarball   '99a92d65c0272debe8c96b6057bc8fbfa3bed511' ]
363 info retry fetch attempt 1 at 15:58:06
364 info attempt registry request try #1 at 15:58:06
365 http fetch GET https://registry.npmjs.org/lodash/-/lodash-4.17.5.tgz
366 http fetch 200 https://registry.npmjs.org/lodash/-/lodash-4.17.5.tgz
367 silly fetchAndShaCheck shasum 99a92d65c0272debe8c96b6057bc8fbfa3bed511
368 verbose addTmpTarball /tmp/npm-11347-35e344c2/registry.npmjs.org/lodash/-/lodash-4.17.5.tgz not in flight; adding
369 verbose addTmpTarball already have metadata; skipping unpack for lodash@4.17.5
370 silly cache afterAdd lodash@4.17.5
371 verbose afterAdd /home/francisquinir/.npm/lodash/4.17.5/package/package.json not in flight; writing
372 verbose afterAdd /home/francisquinir/.npm/lodash/4.17.5/package/package.json written
373 silly loadAllDepsIntoIdealTree Finishing
374 silly idealTree:prePrune ghost-storage-adapter-s3@2.3.1
374 silly idealTree:prePrune ├── aws-sdk@2.192.0
374 silly idealTree:prePrune ├── base64-js@1.2.1
374 silly idealTree:prePrune ├── buffer@4.9.1
374 silly idealTree:prePrune ├── events@1.1.1
374 silly idealTree:prePrune ├── ieee754@1.1.8
374 silly idealTree:prePrune ├── isarray@1.0.0
374 silly idealTree:prePrune ├── jmespath@0.15.0
374 silly idealTree:prePrune ├── lodash@4.17.5
374 silly idealTree:prePrune ├── punycode@1.3.2
374 silly idealTree:prePrune ├── querystring@0.2.0
374 silly idealTree:prePrune ├── sax@1.2.1
374 silly idealTree:prePrune ├── url@0.10.3
374 silly idealTree:prePrune ├── uuid@3.1.0
374 silly idealTree:prePrune ├── xml2js@0.4.17
374 silly idealTree:prePrune └── xmlbuilder@4.2.1
375 silly loadIdealTree Finishing
376 silly currentTree ghost-storage-adapter-s3@2.3.1
376 silly currentTree ├── aws-sdk@2.192.0
376 silly currentTree ├── sax@1.2.1
376 silly currentTree ├── uuid@3.1.0
376 silly currentTree ├── xml2js@0.4.17
376 silly currentTree └── xmlbuilder@4.2.1
377 silly idealTree ghost-storage-adapter-s3@2.3.1
377 silly idealTree ├── aws-sdk@2.192.0
377 silly idealTree ├── base64-js@1.2.1
377 silly idealTree ├── buffer@4.9.1
377 silly idealTree ├── events@1.1.1
377 silly idealTree ├── ieee754@1.1.8
377 silly idealTree ├── isarray@1.0.0
377 silly idealTree ├── jmespath@0.15.0
377 silly idealTree ├── lodash@4.17.5
377 silly idealTree ├── punycode@1.3.2
377 silly idealTree ├── querystring@0.2.0
377 silly idealTree ├── sax@1.2.1
377 silly idealTree ├── url@0.10.3
377 silly idealTree ├── uuid@3.1.0
377 silly idealTree ├── xml2js@0.4.17
377 silly idealTree └── xmlbuilder@4.2.1
378 silly generateActionsToTake Starting
379 silly install generateActionsToTake
380 verbose stack TypeError: Cannot read property 'target' of null
380 verbose stack     at module.exports (/usr/share/npm/lib/install/filter-invalid-actions.js:24:35)
380 verbose stack     at Array.<anonymous> (/usr/share/npm/node_modules/slide/lib/bind-actor.js:15:8)
380 verbose stack     at LOOP (/usr/share/npm/node_modules/slide/lib/chain.js:15:14)
380 verbose stack     at /usr/share/npm/node_modules/slide/lib/chain.js:18:7
380 verbose stack     at Object.Installer.computeLinked (/usr/share/npm/lib/install.js:411:41)
380 verbose stack     at Array.<anonymous> (/usr/share/npm/node_modules/slide/lib/bind-actor.js:15:8)
380 verbose stack     at LOOP (/usr/share/npm/node_modules/slide/lib/chain.js:15:14)
380 verbose stack     at /usr/share/npm/node_modules/slide/lib/chain.js:18:7
380 verbose stack     at module.exports (/usr/share/npm/lib/install/diff-trees.js:50:3)
380 verbose stack     at Array.<anonymous> (/usr/share/npm/node_modules/slide/lib/bind-actor.js:15:8)
381 verbose cwd /home/francisquinir/francisquini/gits/ghost-app/blog/content/adapters/storage/ghost-s3
382 error Linux 4.13.0-32-generic
383 error argv "/usr/bin/node" "/usr/bin/npm" "install" "jmespath" "--save"
384 error node v6.11.4
385 error npm  v3.5.2
386 error Cannot read property 'target' of null
387 error If you need help, you may report this error at:
387 error     <https://github.com/npm/npm/issues>
388 verbose exit [ 1, true ]
